21/May/2021:23:02:17  [info]  [Login token generated for spe]
21/May/2021:23:02:17  [info]  [User spe logged in successfully]
21/May/2021:23:02:18  [info]  [Displaying Category]
21/May/2021:23:02:19  [info]  [Category Science found]
21/May/2021:23:02:19  [info]  [Displaying forums]
21/May/2021:23:02:20  [info]  [Forum Physics found]
21/May/2021:23:02:20  [info]  [Displaying threads]
21/May/2021:23:03:20  [info]  [Login token generated for spe]
21/May/2021:23:03:20  [info]  [User spe logged in successfully]
21/May/2021:23:03:22  [info]  [Displaying Category]
21/May/2021:23:03:23  [info]  [Category Science found]
21/May/2021:23:03:23  [info]  [Displaying forums]
21/May/2021:23:03:23  [info]  [Forum Physics found]
21/May/2021:23:03:23  [info]  [Displaying threads]
21/May/2021:23:03:30  [info]  [New Thread asdasd created at  1621618410859]
21/May/2021:23:03:30  [info]  [Displaying Posts]
21/May/2021:23:03:30  [info]  [Thread asdasd found]
21/May/2021:23:04:41  [info]  [Login token generated for spe]
21/May/2021:23:04:41  [info]  [User spe logged in successfully]
21/May/2021:23:04:42  [info]  [Displaying Category]
21/May/2021:23:04:43  [info]  [Category Science found]
21/May/2021:23:04:43  [info]  [Displaying forums]
21/May/2021:23:04:44  [info]  [Forum Physics found]
21/May/2021:23:04:44  [info]  [Displaying threads]
21/May/2021:23:04:49  [info]  [New Thread adsad created at  1621618489851]
21/May/2021:23:04:49  [info]  [Thread adsad found]
21/May/2021:23:04:49  [info]  [Displaying Posts]
21/May/2021:23:05:26  [info]  [Thread adsad found]
21/May/2021:23:05:26  [info]  [Displaying Posts]
21/May/2021:23:05:40  [info]  [Login token generated for spe]
21/May/2021:23:05:40  [info]  [User spe logged in successfully]
21/May/2021:23:05:42  [info]  [Displaying Category]
21/May/2021:23:05:43  [info]  [Displaying forums]
21/May/2021:23:05:43  [info]  [Category Science found]
21/May/2021:23:05:44  [info]  [Forum Physics found]
21/May/2021:23:05:44  [info]  [Displaying threads]
21/May/2021:23:05:48  [info]  [New Thread asdsad created at  1621618548733]
21/May/2021:23:05:48  [info]  [Displaying Posts]
21/May/2021:23:05:48  [info]  [Thread asdsad found]
21/May/2021:23:06:25  [info]  [Login token generated for spe]
21/May/2021:23:06:25  [info]  [User spe logged in successfully]
21/May/2021:23:06:26  [info]  [Displaying Category]
21/May/2021:23:06:28  [info]  [Category Science found]
21/May/2021:23:06:28  [info]  [Displaying forums]
21/May/2021:23:06:28  [info]  [Forum Physics found]
21/May/2021:23:06:28  [info]  [Displaying threads]
21/May/2021:23:06:34  [info]  [New Thread asds created at  1621618594456]
21/May/2021:23:06:34  [info]  [Thread asds found]
21/May/2021:23:06:34  [info]  [Displaying Posts]
21/May/2021:23:08:06  [info]  [Thread asds found]
21/May/2021:23:08:06  [info]  [Displaying Posts]
21/May/2021:23:08:14  [info]  [Login token generated for spe]
21/May/2021:23:08:14  [info]  [User spe logged in successfully]
21/May/2021:23:08:16  [info]  [Displaying Category]
21/May/2021:23:08:17  [info]  [Displaying forums]
21/May/2021:23:08:17  [info]  [Category Science found]
21/May/2021:23:08:17  [info]  [Forum Biology found]
21/May/2021:23:08:17  [info]  [Displaying threads]
21/May/2021:23:08:24  [info]  [New Thread aasfads created at  1621618704162]
21/May/2021:23:08:24  [info]  [Displaying Posts]
21/May/2021:23:08:24  [info]  [Thread aasfads found]
21/May/2021:23:35:21  [info]  [Login token generated for spe]
21/May/2021:23:35:21  [info]  [User spe logged in successfully]
21/May/2021:23:35:23  [info]  [Displaying Category]
21/May/2021:23:35:23  [info]  [Category General found]
21/May/2021:23:35:23  [info]  [Displaying forums]
21/May/2021:23:35:24  [info]  [Displaying threads]
21/May/2021:23:35:24  [info]  [Forum Help found]
21/May/2021:23:35:26  [info]  [Category General found]
21/May/2021:23:35:26  [info]  [Displaying forums]
21/May/2021:23:35:27  [info]  [Forum Help found]
21/May/2021:23:35:27  [info]  [Displaying threads]
21/May/2021:23:35:30  [info]  [Forum Help found]
21/May/2021:23:35:30  [info]  [Displaying threads]
21/May/2021:23:35:31  [info]  [Category General found]
21/May/2021:23:35:31  [info]  [Displaying forums]
21/May/2021:23:35:33  [info]  [Forum Help found]
21/May/2021:23:35:33  [info]  [Displaying threads]
21/May/2021:23:35:34  [info]  [Category General found]
21/May/2021:23:35:34  [info]  [Displaying forums]
21/May/2021:23:35:34  [info]  [Displaying Category]
21/May/2021:23:35:36  [info]  [Displaying forums]
21/May/2021:23:35:36  [info]  [Category Science found]
21/May/2021:23:35:37  [info]  [Forum Physics found]
21/May/2021:23:35:37  [info]  [Displaying threads]
21/May/2021:23:35:41  [info]  [Thread Fluid found]
21/May/2021:23:35:41  [info]  [Displaying Posts]
21/May/2021:23:35:44  [info]  [New post asdasda created at  1621620344534]
